ERROR - 2025-09-13 08:04:14 --> Error connecting to the database: mysqli_sql_exception: Unknown database 'bisajoin' in C:\laragon\www\bisajoin\system\Database\MySQLi\Connection.php:201
Stack trace:
#0 C:\laragon\www\bisajoin\system\Database\MySQLi\Connection.php(201): mysqli->real_connect()
#1 C:\laragon\www\bisajoin\system\Database\BaseConnection.php(419): CodeIgniter\Database\MySQLi\Connection->connect()
#2 C:\laragon\www\bisajoin\system\Database\BaseConnection.php(614): CodeIgniter\Database\BaseConnection->initialize()
#3 C:\laragon\www\bisajoin\system\Database\BaseConnection.php(1525): CodeIgniter\Database\BaseConnection->query()
#4 C:\laragon\www\bisajoin\system\Database\BaseConnection.php(1545): CodeIgniter\Database\BaseConnection->listTables()
#5 C:\laragon\www\bisajoin\system\Database\MigrationRunner.php(768): CodeIgniter\Database\BaseConnection->tableExists()
#6 C:\laragon\www\bisajoin\system\Database\MigrationRunner.php(162): CodeIgniter\Database\MigrationRunner->ensureTable()
#7 C:\laragon\www\bisajoin\system\Commands\Database\Migrate.php(85): CodeIgniter\Database\MigrationRunner->latest()
#8 C:\laragon\www\bisajoin\system\CLI\Commands.php(74): CodeIgniter\Commands\Database\Migrate->run()
#9 C:\laragon\www\bisajoin\system\CLI\Console.php(47): CodeIgniter\CLI\Commands->run()
#10 C:\laragon\www\bisajoin\system\Boot.php(388): CodeIgniter\CLI\Console->run()
#11 C:\laragon\www\bisajoin\system\Boot.php(133): CodeIgniter\Boot::runCommand()
#12 C:\laragon\www\bisajoin\spark(87): CodeIgniter\Boot::bootSpark()
#13 {main}

Next CodeIgniter\Database\Exceptions\DatabaseException: Unknown database 'bisajoin' in C:\laragon\www\bisajoin\system\Database\MySQLi\Connection.php:246
Stack trace:
#0 C:\laragon\www\bisajoin\system\Database\BaseConnection.php(419): CodeIgniter\Database\MySQLi\Connection->connect()
#1 C:\laragon\www\bisajoin\system\Database\BaseConnection.php(614): CodeIgniter\Database\BaseConnection->initialize()
#2 C:\laragon\www\bisajoin\system\Database\BaseConnection.php(1525): CodeIgniter\Database\BaseConnection->query()
#3 C:\laragon\www\bisajoin\system\Database\BaseConnection.php(1545): CodeIgniter\Database\BaseConnection->listTables()
#4 C:\laragon\www\bisajoin\system\Database\MigrationRunner.php(768): CodeIgniter\Database\BaseConnection->tableExists()
#5 C:\laragon\www\bisajoin\system\Database\MigrationRunner.php(162): CodeIgniter\Database\MigrationRunner->ensureTable()
#6 C:\laragon\www\bisajoin\system\Commands\Database\Migrate.php(85): CodeIgniter\Database\MigrationRunner->latest()
#7 C:\laragon\www\bisajoin\system\CLI\Commands.php(74): CodeIgniter\Commands\Database\Migrate->run()
#8 C:\laragon\www\bisajoin\system\CLI\Console.php(47): CodeIgniter\CLI\Commands->run()
#9 C:\laragon\www\bisajoin\system\Boot.php(388): CodeIgniter\CLI\Console->run()
#10 C:\laragon\www\bisajoin\system\Boot.php(133): CodeIgniter\Boot::runCommand()
#11 C:\laragon\www\bisajoin\spark(87): CodeIgniter\Boot::bootSpark()
#12 {main}
ERROR - 2025-09-13 08:11:04 --> Error connecting to the database: mysqli_sql_exception: No connection could be made because the target machine actively refused it in C:\laragon\www\bisajoin\system\Database\MySQLi\Connection.php:201
Stack trace:
#0 C:\laragon\www\bisajoin\system\Database\MySQLi\Connection.php(201): mysqli->real_connect()
#1 C:\laragon\www\bisajoin\system\Database\BaseConnection.php(419): CodeIgniter\Database\MySQLi\Connection->connect()
#2 C:\laragon\www\bisajoin\system\Database\BaseConnection.php(614): CodeIgniter\Database\BaseConnection->initialize()
#3 C:\laragon\www\bisajoin\system\Database\BaseBuilder.php(1649): CodeIgniter\Database\BaseConnection->query()
#4 C:\laragon\www\bisajoin\system\Model.php(286): CodeIgniter\Database\BaseBuilder->get()
#5 C:\laragon\www\bisajoin\system\BaseModel.php(677): CodeIgniter\Model->doFindAll()
#6 C:\laragon\www\bisajoin\app\Models\TemplateModel.php(46): CodeIgniter\BaseModel->findAll()
#7 C:\laragon\www\bisajoin\app\Controllers\Home.php(20): App\Models\TemplateModel->getTemplatesByType()
#8 C:\laragon\www\bisajoin\system\CodeIgniter.php(933): App\Controllers\Home->index()
#9 C:\laragon\www\bisajoin\system\CodeIgniter.php(507): CodeIgniter\CodeIgniter->runController()
#10 C:\laragon\www\bisajoin\system\CodeIgniter.php(354): CodeIgniter\CodeIgniter->handleRequest()
#11 C:\laragon\www\bisajoin\system\Boot.php(363): CodeIgniter\CodeIgniter->run()
#12 C:\laragon\www\bisajoin\system\Boot.php(68): CodeIgniter\Boot::runCodeIgniter()
#13 C:\laragon\www\bisajoin\public\index.php(59): CodeIgniter\Boot::bootWeb()
#14 C:\laragon\www\bisajoin\system\rewrite.php(44): require_once('...')
#15 {main}

Next CodeIgniter\Database\Exceptions\DatabaseException: No connection could be made because the target machine actively refused it in C:\laragon\www\bisajoin\system\Database\MySQLi\Connection.php:246
Stack trace:
#0 C:\laragon\www\bisajoin\system\Database\BaseConnection.php(419): CodeIgniter\Database\MySQLi\Connection->connect()
#1 C:\laragon\www\bisajoin\system\Database\BaseConnection.php(614): CodeIgniter\Database\BaseConnection->initialize()
#2 C:\laragon\www\bisajoin\system\Database\BaseBuilder.php(1649): CodeIgniter\Database\BaseConnection->query()
#3 C:\laragon\www\bisajoin\system\Model.php(286): CodeIgniter\Database\BaseBuilder->get()
#4 C:\laragon\www\bisajoin\system\BaseModel.php(677): CodeIgniter\Model->doFindAll()
#5 C:\laragon\www\bisajoin\app\Models\TemplateModel.php(46): CodeIgniter\BaseModel->findAll()
#6 C:\laragon\www\bisajoin\app\Controllers\Home.php(20): App\Models\TemplateModel->getTemplatesByType()
#7 C:\laragon\www\bisajoin\system\CodeIgniter.php(933): App\Controllers\Home->index()
#8 C:\laragon\www\bisajoin\system\CodeIgniter.php(507): CodeIgniter\CodeIgniter->runController()
#9 C:\laragon\www\bisajoin\system\CodeIgniter.php(354): CodeIgniter\CodeIgniter->handleRequest()
#10 C:\laragon\www\bisajoin\system\Boot.php(363): CodeIgniter\CodeIgniter->run()
#11 C:\laragon\www\bisajoin\system\Boot.php(68): CodeIgniter\Boot::runCodeIgniter()
#12 C:\laragon\www\bisajoin\public\index.php(59): CodeIgniter\Boot::bootWeb()
#13 C:\laragon\www\bisajoin\system\rewrite.php(44): require_once('...')
#14 {main}
CRITICAL - 2025-09-13 08:11:04 --> CodeIgniter\Database\Exceptions\DatabaseException: Unable to connect to the database.
Main connection [MySQLi]: No connection could be made because the target machine actively refused it
[Method: GET, Route: /]
in SYSTEMPATH\Database\BaseConnection.php on line 465.
 1 SYSTEMPATH\Database\BaseConnection.php(614): CodeIgniter\Database\BaseConnection->initialize()
 2 SYSTEMPATH\Database\BaseBuilder.php(1649): CodeIgniter\Database\BaseConnection->query()
 3 SYSTEMPATH\Model.php(286): CodeIgniter\Database\BaseBuilder->get()
 4 SYSTEMPATH\BaseModel.php(677): CodeIgniter\Model->doFindAll()
 5 APPPATH\Models\TemplateModel.php(46): CodeIgniter\BaseModel->findAll()
 6 APPPATH\Controllers\Home.php(20): App\Models\TemplateModel->getTemplatesByType()
 7 SYSTEMPATH\CodeIgniter.php(933): App\Controllers\Home->index()
 8 SYSTEMPATH\CodeIgniter.php(507): CodeIgniter\CodeIgniter->runController()
 9 SYSTEMPATH\CodeIgniter.php(354): CodeIgniter\CodeIgniter->handleRequest()
10 SYSTEMPATH\Boot.php(363): CodeIgniter\CodeIgniter->run()
11 SYSTEMPATH\Boot.php(68): CodeIgniter\Boot::runCodeIgniter()
12 FCPATH\index.php(59): CodeIgniter\Boot::bootWeb()
13 SYSTEMPATH\rewrite.php(44): require_once('C:\\laragon\\www\\bisajoin\\public\\index.php')
ERROR - 2025-09-13 08:12:01 --> Error connecting to the database: mysqli_sql_exception: No connection could be made because the target machine actively refused it in C:\laragon\www\bisajoin\system\Database\MySQLi\Connection.php:201
Stack trace:
#0 C:\laragon\www\bisajoin\system\Database\MySQLi\Connection.php(201): mysqli->real_connect()
#1 C:\laragon\www\bisajoin\system\Database\BaseConnection.php(419): CodeIgniter\Database\MySQLi\Connection->connect()
#2 C:\laragon\www\bisajoin\system\Database\BaseConnection.php(614): CodeIgniter\Database\BaseConnection->initialize()
#3 C:\laragon\www\bisajoin\system\Database\BaseBuilder.php(1649): CodeIgniter\Database\BaseConnection->query()
#4 C:\laragon\www\bisajoin\system\Model.php(286): CodeIgniter\Database\BaseBuilder->get()
#5 C:\laragon\www\bisajoin\system\BaseModel.php(677): CodeIgniter\Model->doFindAll()
#6 C:\laragon\www\bisajoin\app\Models\TemplateModel.php(46): CodeIgniter\BaseModel->findAll()
#7 C:\laragon\www\bisajoin\app\Controllers\Home.php(20): App\Models\TemplateModel->getTemplatesByType()
#8 C:\laragon\www\bisajoin\system\CodeIgniter.php(933): App\Controllers\Home->index()
#9 C:\laragon\www\bisajoin\system\CodeIgniter.php(507): CodeIgniter\CodeIgniter->runController()
#10 C:\laragon\www\bisajoin\system\CodeIgniter.php(354): CodeIgniter\CodeIgniter->handleRequest()
#11 C:\laragon\www\bisajoin\system\Boot.php(363): CodeIgniter\CodeIgniter->run()
#12 C:\laragon\www\bisajoin\system\Boot.php(68): CodeIgniter\Boot::runCodeIgniter()
#13 C:\laragon\www\bisajoin\public\index.php(59): CodeIgniter\Boot::bootWeb()
#14 C:\laragon\www\bisajoin\system\rewrite.php(44): require_once('...')
#15 {main}

Next CodeIgniter\Database\Exceptions\DatabaseException: No connection could be made because the target machine actively refused it in C:\laragon\www\bisajoin\system\Database\MySQLi\Connection.php:246
Stack trace:
#0 C:\laragon\www\bisajoin\system\Database\BaseConnection.php(419): CodeIgniter\Database\MySQLi\Connection->connect()
#1 C:\laragon\www\bisajoin\system\Database\BaseConnection.php(614): CodeIgniter\Database\BaseConnection->initialize()
#2 C:\laragon\www\bisajoin\system\Database\BaseBuilder.php(1649): CodeIgniter\Database\BaseConnection->query()
#3 C:\laragon\www\bisajoin\system\Model.php(286): CodeIgniter\Database\BaseBuilder->get()
#4 C:\laragon\www\bisajoin\system\BaseModel.php(677): CodeIgniter\Model->doFindAll()
#5 C:\laragon\www\bisajoin\app\Models\TemplateModel.php(46): CodeIgniter\BaseModel->findAll()
#6 C:\laragon\www\bisajoin\app\Controllers\Home.php(20): App\Models\TemplateModel->getTemplatesByType()
#7 C:\laragon\www\bisajoin\system\CodeIgniter.php(933): App\Controllers\Home->index()
#8 C:\laragon\www\bisajoin\system\CodeIgniter.php(507): CodeIgniter\CodeIgniter->runController()
#9 C:\laragon\www\bisajoin\system\CodeIgniter.php(354): CodeIgniter\CodeIgniter->handleRequest()
#10 C:\laragon\www\bisajoin\system\Boot.php(363): CodeIgniter\CodeIgniter->run()
#11 C:\laragon\www\bisajoin\system\Boot.php(68): CodeIgniter\Boot::runCodeIgniter()
#12 C:\laragon\www\bisajoin\public\index.php(59): CodeIgniter\Boot::bootWeb()
#13 C:\laragon\www\bisajoin\system\rewrite.php(44): require_once('...')
#14 {main}
CRITICAL - 2025-09-13 08:12:01 --> CodeIgniter\Database\Exceptions\DatabaseException: Unable to connect to the database.
Main connection [MySQLi]: No connection could be made because the target machine actively refused it
[Method: GET, Route: /]
in SYSTEMPATH\Database\BaseConnection.php on line 465.
 1 SYSTEMPATH\Database\BaseConnection.php(614): CodeIgniter\Database\BaseConnection->initialize()
 2 SYSTEMPATH\Database\BaseBuilder.php(1649): CodeIgniter\Database\BaseConnection->query()
 3 SYSTEMPATH\Model.php(286): CodeIgniter\Database\BaseBuilder->get()
 4 SYSTEMPATH\BaseModel.php(677): CodeIgniter\Model->doFindAll()
 5 APPPATH\Models\TemplateModel.php(46): CodeIgniter\BaseModel->findAll()
 6 APPPATH\Controllers\Home.php(20): App\Models\TemplateModel->getTemplatesByType()
 7 SYSTEMPATH\CodeIgniter.php(933): App\Controllers\Home->index()
 8 SYSTEMPATH\CodeIgniter.php(507): CodeIgniter\CodeIgniter->runController()
 9 SYSTEMPATH\CodeIgniter.php(354): CodeIgniter\CodeIgniter->handleRequest()
10 SYSTEMPATH\Boot.php(363): CodeIgniter\CodeIgniter->run()
11 SYSTEMPATH\Boot.php(68): CodeIgniter\Boot::runCodeIgniter()
12 FCPATH\index.php(59): CodeIgniter\Boot::bootWeb()
13 SYSTEMPATH\rewrite.php(44): require_once('C:\\laragon\\www\\bisajoin\\public\\index.php')
ERROR - 2025-09-13 08:12:57 --> Error connecting to the database: mysqli_sql_exception: No connection could be made because the target machine actively refused it in C:\laragon\www\bisajoin\system\Database\MySQLi\Connection.php:201
Stack trace:
#0 C:\laragon\www\bisajoin\system\Database\MySQLi\Connection.php(201): mysqli->real_connect()
#1 C:\laragon\www\bisajoin\system\Database\BaseConnection.php(419): CodeIgniter\Database\MySQLi\Connection->connect()
#2 C:\laragon\www\bisajoin\system\Database\BaseConnection.php(614): CodeIgniter\Database\BaseConnection->initialize()
#3 C:\laragon\www\bisajoin\system\Database\BaseBuilder.php(1649): CodeIgniter\Database\BaseConnection->query()
#4 C:\laragon\www\bisajoin\system\Model.php(286): CodeIgniter\Database\BaseBuilder->get()
#5 C:\laragon\www\bisajoin\system\BaseModel.php(677): CodeIgniter\Model->doFindAll()
#6 C:\laragon\www\bisajoin\app\Models\TemplateModel.php(46): CodeIgniter\BaseModel->findAll()
#7 C:\laragon\www\bisajoin\app\Controllers\Home.php(20): App\Models\TemplateModel->getTemplatesByType()
#8 C:\laragon\www\bisajoin\system\CodeIgniter.php(933): App\Controllers\Home->index()
#9 C:\laragon\www\bisajoin\system\CodeIgniter.php(507): CodeIgniter\CodeIgniter->runController()
#10 C:\laragon\www\bisajoin\system\CodeIgniter.php(354): CodeIgniter\CodeIgniter->handleRequest()
#11 C:\laragon\www\bisajoin\system\Boot.php(363): CodeIgniter\CodeIgniter->run()
#12 C:\laragon\www\bisajoin\system\Boot.php(68): CodeIgniter\Boot::runCodeIgniter()
#13 C:\laragon\www\bisajoin\public\index.php(59): CodeIgniter\Boot::bootWeb()
#14 C:\laragon\www\bisajoin\system\rewrite.php(44): require_once('...')
#15 {main}

Next CodeIgniter\Database\Exceptions\DatabaseException: No connection could be made because the target machine actively refused it in C:\laragon\www\bisajoin\system\Database\MySQLi\Connection.php:246
Stack trace:
#0 C:\laragon\www\bisajoin\system\Database\BaseConnection.php(419): CodeIgniter\Database\MySQLi\Connection->connect()
#1 C:\laragon\www\bisajoin\system\Database\BaseConnection.php(614): CodeIgniter\Database\BaseConnection->initialize()
#2 C:\laragon\www\bisajoin\system\Database\BaseBuilder.php(1649): CodeIgniter\Database\BaseConnection->query()
#3 C:\laragon\www\bisajoin\system\Model.php(286): CodeIgniter\Database\BaseBuilder->get()
#4 C:\laragon\www\bisajoin\system\BaseModel.php(677): CodeIgniter\Model->doFindAll()
#5 C:\laragon\www\bisajoin\app\Models\TemplateModel.php(46): CodeIgniter\BaseModel->findAll()
#6 C:\laragon\www\bisajoin\app\Controllers\Home.php(20): App\Models\TemplateModel->getTemplatesByType()
#7 C:\laragon\www\bisajoin\system\CodeIgniter.php(933): App\Controllers\Home->index()
#8 C:\laragon\www\bisajoin\system\CodeIgniter.php(507): CodeIgniter\CodeIgniter->runController()
#9 C:\laragon\www\bisajoin\system\CodeIgniter.php(354): CodeIgniter\CodeIgniter->handleRequest()
#10 C:\laragon\www\bisajoin\system\Boot.php(363): CodeIgniter\CodeIgniter->run()
#11 C:\laragon\www\bisajoin\system\Boot.php(68): CodeIgniter\Boot::runCodeIgniter()
#12 C:\laragon\www\bisajoin\public\index.php(59): CodeIgniter\Boot::bootWeb()
#13 C:\laragon\www\bisajoin\system\rewrite.php(44): require_once('...')
#14 {main}
CRITICAL - 2025-09-13 08:12:57 --> CodeIgniter\Database\Exceptions\DatabaseException: Unable to connect to the database.
Main connection [MySQLi]: No connection could be made because the target machine actively refused it
[Method: GET, Route: /]
in SYSTEMPATH\Database\BaseConnection.php on line 465.
 1 SYSTEMPATH\Database\BaseConnection.php(614): CodeIgniter\Database\BaseConnection->initialize()
 2 SYSTEMPATH\Database\BaseBuilder.php(1649): CodeIgniter\Database\BaseConnection->query()
 3 SYSTEMPATH\Model.php(286): CodeIgniter\Database\BaseBuilder->get()
 4 SYSTEMPATH\BaseModel.php(677): CodeIgniter\Model->doFindAll()
 5 APPPATH\Models\TemplateModel.php(46): CodeIgniter\BaseModel->findAll()
 6 APPPATH\Controllers\Home.php(20): App\Models\TemplateModel->getTemplatesByType()
 7 SYSTEMPATH\CodeIgniter.php(933): App\Controllers\Home->index()
 8 SYSTEMPATH\CodeIgniter.php(507): CodeIgniter\CodeIgniter->runController()
 9 SYSTEMPATH\CodeIgniter.php(354): CodeIgniter\CodeIgniter->handleRequest()
10 SYSTEMPATH\Boot.php(363): CodeIgniter\CodeIgniter->run()
11 SYSTEMPATH\Boot.php(68): CodeIgniter\Boot::runCodeIgniter()
12 FCPATH\index.php(59): CodeIgniter\Boot::bootWeb()
13 SYSTEMPATH\rewrite.php(44): require_once('C:\\laragon\\www\\bisajoin\\public\\index.php')
CRITICAL - 2025-09-13 08:19:46 --> CodeIgniter\View\Exceptions\ViewException: Invalid file: "template/index.php"
[Method: GET, Route: template/wedding]
in SYSTEMPATH\Exceptions\FrameworkException.php on line 39.
 1 SYSTEMPATH\View\View.php(214): CodeIgniter\Exceptions\FrameworkException::forInvalidFile()
 2 SYSTEMPATH\Common.php(1167): CodeIgniter\View\View->render()
 3 APPPATH\Controllers\Home.php(50): view()
 4 SYSTEMPATH\CodeIgniter.php(933): App\Controllers\Home->template()
 5 SYSTEMPATH\CodeIgniter.php(507): CodeIgniter\CodeIgniter->runController()
 6 SYSTEMPATH\CodeIgniter.php(354): CodeIgniter\CodeIgniter->handleRequest()
 7 SYSTEMPATH\Boot.php(363): CodeIgniter\CodeIgniter->run()
 8 SYSTEMPATH\Boot.php(68): CodeIgniter\Boot::runCodeIgniter()
 9 FCPATH\index.php(59): CodeIgniter\Boot::bootWeb()
10 SYSTEMPATH\rewrite.php(44): require_once('C:\\laragon\\www\\bisajoin\\public\\index.php')
CRITICAL - 2025-09-13 08:26:34 --> Error: Class "App\Controllers\Admin\BaseController" not found
[Method: GET, Route: admin]
in APPPATH\Controllers\Admin\Dashboard.php on line 12.
 1 SYSTEMPATH\Autoloader\Autoloader.php(315): include_once()
 2 SYSTEMPATH\Autoloader\Autoloader.php(295): CodeIgniter\Autoloader\Autoloader->includeFile()
 3 SYSTEMPATH\Autoloader\Autoloader.php(271): CodeIgniter\Autoloader\Autoloader->loadInNamespace()
 4 [internal function]: CodeIgniter\Autoloader\Autoloader->loadClass()
 5 SYSTEMPATH\CodeIgniter.php(885): class_exists()
 6 SYSTEMPATH\CodeIgniter.php(494): CodeIgniter\CodeIgniter->startController()
 7 SYSTEMPATH\CodeIgniter.php(354): CodeIgniter\CodeIgniter->handleRequest()
 8 SYSTEMPATH\Boot.php(363): CodeIgniter\CodeIgniter->run()
 9 SYSTEMPATH\Boot.php(68): CodeIgniter\Boot::runCodeIgniter()
10 FCPATH\index.php(59): CodeIgniter\Boot::bootWeb()
11 SYSTEMPATH\rewrite.php(44): require_once('C:\\laragon\\www\\bisajoin\\public\\index.php')
CRITICAL - 2025-09-13 08:27:21 --> Error: Class "App\Controllers\Admin\BaseController" not found
[Method: GET, Route: admin]
in APPPATH\Controllers\Admin\Dashboard.php on line 12.
 1 SYSTEMPATH\Autoloader\Autoloader.php(315): include_once()
 2 SYSTEMPATH\Autoloader\Autoloader.php(295): CodeIgniter\Autoloader\Autoloader->includeFile()
 3 SYSTEMPATH\Autoloader\Autoloader.php(271): CodeIgniter\Autoloader\Autoloader->loadInNamespace()
 4 [internal function]: CodeIgniter\Autoloader\Autoloader->loadClass()
 5 SYSTEMPATH\CodeIgniter.php(885): class_exists()
 6 SYSTEMPATH\CodeIgniter.php(494): CodeIgniter\CodeIgniter->startController()
 7 SYSTEMPATH\CodeIgniter.php(354): CodeIgniter\CodeIgniter->handleRequest()
 8 SYSTEMPATH\Boot.php(363): CodeIgniter\CodeIgniter->run()
 9 SYSTEMPATH\Boot.php(68): CodeIgniter\Boot::runCodeIgniter()
10 FCPATH\index.php(59): CodeIgniter\Boot::bootWeb()
11 SYSTEMPATH\rewrite.php(44): require_once('C:\\laragon\\www\\bisajoin\\public\\index.php')
CRITICAL - 2025-09-13 08:27:39 --> Error: Class "App\Controllers\Admin\BaseController" not found
[Method: GET, Route: admin]
in APPPATH\Controllers\Admin\Dashboard.php on line 12.
 1 SYSTEMPATH\Autoloader\Autoloader.php(315): include_once()
 2 SYSTEMPATH\Autoloader\Autoloader.php(295): CodeIgniter\Autoloader\Autoloader->includeFile()
 3 SYSTEMPATH\Autoloader\Autoloader.php(271): CodeIgniter\Autoloader\Autoloader->loadInNamespace()
 4 [internal function]: CodeIgniter\Autoloader\Autoloader->loadClass()
 5 SYSTEMPATH\CodeIgniter.php(885): class_exists()
 6 SYSTEMPATH\CodeIgniter.php(494): CodeIgniter\CodeIgniter->startController()
 7 SYSTEMPATH\CodeIgniter.php(354): CodeIgniter\CodeIgniter->handleRequest()
 8 SYSTEMPATH\Boot.php(363): CodeIgniter\CodeIgniter->run()
 9 SYSTEMPATH\Boot.php(68): CodeIgniter\Boot::runCodeIgniter()
10 FCPATH\index.php(59): CodeIgniter\Boot::bootWeb()
11 SYSTEMPATH\rewrite.php(44): require_once('C:\\laragon\\www\\bisajoin\\public\\index.php')
CRITICAL - 2025-09-13 08:28:23 --> Error: Class "App\Controllers\Admin\BaseController" not found
[Method: GET, Route: admin/templates]
in APPPATH\Controllers\Admin\Template.php on line 8.
 1 SYSTEMPATH\Autoloader\Autoloader.php(315): include_once()
 2 SYSTEMPATH\Autoloader\Autoloader.php(295): CodeIgniter\Autoloader\Autoloader->includeFile()
 3 SYSTEMPATH\Autoloader\Autoloader.php(271): CodeIgniter\Autoloader\Autoloader->loadInNamespace()
 4 [internal function]: CodeIgniter\Autoloader\Autoloader->loadClass()
 5 SYSTEMPATH\CodeIgniter.php(885): class_exists()
 6 SYSTEMPATH\CodeIgniter.php(494): CodeIgniter\CodeIgniter->startController()
 7 SYSTEMPATH\CodeIgniter.php(354): CodeIgniter\CodeIgniter->handleRequest()
 8 SYSTEMPATH\Boot.php(363): CodeIgniter\CodeIgniter->run()
 9 SYSTEMPATH\Boot.php(68): CodeIgniter\Boot::runCodeIgniter()
10 FCPATH\index.php(59): CodeIgniter\Boot::bootWeb()
11 SYSTEMPATH\rewrite.php(44): require_once('C:\\laragon\\www\\bisajoin\\public\\index.php')
CRITICAL - 2025-09-13 08:28:30 --> Error: Class "App\Controllers\Admin\BaseController" not found
[Method: GET, Route: admin/orders]
in APPPATH\Controllers\Admin\Orders.php on line 11.
 1 SYSTEMPATH\Autoloader\Autoloader.php(315): include_once()
 2 SYSTEMPATH\Autoloader\Autoloader.php(295): CodeIgniter\Autoloader\Autoloader->includeFile()
 3 SYSTEMPATH\Autoloader\Autoloader.php(271): CodeIgniter\Autoloader\Autoloader->loadInNamespace()
 4 [internal function]: CodeIgniter\Autoloader\Autoloader->loadClass()
 5 SYSTEMPATH\CodeIgniter.php(885): class_exists()
 6 SYSTEMPATH\CodeIgniter.php(494): CodeIgniter\CodeIgniter->startController()
 7 SYSTEMPATH\CodeIgniter.php(354): CodeIgniter\CodeIgniter->handleRequest()
 8 SYSTEMPATH\Boot.php(363): CodeIgniter\CodeIgniter->run()
 9 SYSTEMPATH\Boot.php(68): CodeIgniter\Boot::runCodeIgniter()
10 FCPATH\index.php(59): CodeIgniter\Boot::bootWeb()
11 SYSTEMPATH\rewrite.php(44): require_once('C:\\laragon\\www\\bisajoin\\public\\index.php')
CRITICAL - 2025-09-13 08:28:35 --> Error: Class "App\Controllers\Admin\BaseController" not found
[Method: GET, Route: admin/templates]
in APPPATH\Controllers\Admin\Template.php on line 8.
 1 SYSTEMPATH\Autoloader\Autoloader.php(315): include_once()
 2 SYSTEMPATH\Autoloader\Autoloader.php(295): CodeIgniter\Autoloader\Autoloader->includeFile()
 3 SYSTEMPATH\Autoloader\Autoloader.php(271): CodeIgniter\Autoloader\Autoloader->loadInNamespace()
 4 [internal function]: CodeIgniter\Autoloader\Autoloader->loadClass()
 5 SYSTEMPATH\CodeIgniter.php(885): class_exists()
 6 SYSTEMPATH\CodeIgniter.php(494): CodeIgniter\CodeIgniter->startController()
 7 SYSTEMPATH\CodeIgniter.php(354): CodeIgniter\CodeIgniter->handleRequest()
 8 SYSTEMPATH\Boot.php(363): CodeIgniter\CodeIgniter->run()
 9 SYSTEMPATH\Boot.php(68): CodeIgniter\Boot::runCodeIgniter()
10 FCPATH\index.php(59): CodeIgniter\Boot::bootWeb()
11 SYSTEMPATH\rewrite.php(44): require_once('C:\\laragon\\www\\bisajoin\\public\\index.php')
CRITICAL - 2025-09-13 08:29:41 --> CodeIgniter\View\Exceptions\ViewException: Invalid file: "admin/template/index.php"
[Method: GET, Route: admin/templates]
in SYSTEMPATH\Exceptions\FrameworkException.php on line 39.
 1 SYSTEMPATH\View\View.php(214): CodeIgniter\Exceptions\FrameworkException::forInvalidFile()
 2 SYSTEMPATH\Common.php(1167): CodeIgniter\View\View->render()
 3 APPPATH\Controllers\Admin\Template.php(28): view()
 4 SYSTEMPATH\CodeIgniter.php(933): App\Controllers\Admin\Template->index()
 5 SYSTEMPATH\CodeIgniter.php(507): CodeIgniter\CodeIgniter->runController()
 6 SYSTEMPATH\CodeIgniter.php(354): CodeIgniter\CodeIgniter->handleRequest()
 7 SYSTEMPATH\Boot.php(363): CodeIgniter\CodeIgniter->run()
 8 SYSTEMPATH\Boot.php(68): CodeIgniter\Boot::runCodeIgniter()
 9 FCPATH\index.php(59): CodeIgniter\Boot::bootWeb()
10 SYSTEMPATH\rewrite.php(44): require_once('C:\\laragon\\www\\bisajoin\\public\\index.php')
CRITICAL - 2025-09-13 08:30:55 --> CodeIgniter\View\Exceptions\ViewException: Invalid file: "admin/template/index.php"
[Method: GET, Route: admin/templates]
in SYSTEMPATH\Exceptions\FrameworkException.php on line 39.
 1 SYSTEMPATH\View\View.php(214): CodeIgniter\Exceptions\FrameworkException::forInvalidFile()
 2 SYSTEMPATH\Common.php(1167): CodeIgniter\View\View->render()
 3 APPPATH\Controllers\Admin\Template.php(28): view()
 4 SYSTEMPATH\CodeIgniter.php(933): App\Controllers\Admin\Template->index()
 5 SYSTEMPATH\CodeIgniter.php(507): CodeIgniter\CodeIgniter->runController()
 6 SYSTEMPATH\CodeIgniter.php(354): CodeIgniter\CodeIgniter->handleRequest()
 7 SYSTEMPATH\Boot.php(363): CodeIgniter\CodeIgniter->run()
 8 SYSTEMPATH\Boot.php(68): CodeIgniter\Boot::runCodeIgniter()
 9 FCPATH\index.php(59): CodeIgniter\Boot::bootWeb()
10 SYSTEMPATH\rewrite.php(44): require_once('C:\\laragon\\www\\bisajoin\\public\\index.php')
CRITICAL - 2025-09-13 08:34:26 --> CodeIgniter\View\Exceptions\ViewException: Invalid file: "admin/orders/index.php"
[Method: GET, Route: admin/orders]
in SYSTEMPATH\Exceptions\FrameworkException.php on line 39.
 1 SYSTEMPATH\View\View.php(214): CodeIgniter\Exceptions\FrameworkException::forInvalidFile()
 2 SYSTEMPATH\Common.php(1167): CodeIgniter\View\View->render()
 3 APPPATH\Controllers\Admin\Orders.php(105): view()
 4 SYSTEMPATH\CodeIgniter.php(933): App\Controllers\Admin\Orders->index()
 5 SYSTEMPATH\CodeIgniter.php(507): CodeIgniter\CodeIgniter->runController()
 6 SYSTEMPATH\CodeIgniter.php(354): CodeIgniter\CodeIgniter->handleRequest()
 7 SYSTEMPATH\Boot.php(363): CodeIgniter\CodeIgniter->run()
 8 SYSTEMPATH\Boot.php(68): CodeIgniter\Boot::runCodeIgniter()
 9 FCPATH\index.php(59): CodeIgniter\Boot::bootWeb()
10 SYSTEMPATH\rewrite.php(44): require_once('C:\\laragon\\www\\bisajoin\\public\\index.php')
CRITICAL - 2025-09-13 08:34:41 --> CodeIgniter\View\Exceptions\ViewException: Invalid file: "admin/template/preview.php"
[Method: GET, Route: admin/templates/preview/1]
in SYSTEMPATH\Exceptions\FrameworkException.php on line 39.
 1 SYSTEMPATH\View\View.php(214): CodeIgniter\Exceptions\FrameworkException::forInvalidFile()
 2 SYSTEMPATH\Common.php(1167): CodeIgniter\View\View->render()
 3 APPPATH\Controllers\Admin\Template.php(174): view()
 4 SYSTEMPATH\CodeIgniter.php(933): App\Controllers\Admin\Template->preview()
 5 SYSTEMPATH\CodeIgniter.php(507): CodeIgniter\CodeIgniter->runController()
 6 SYSTEMPATH\CodeIgniter.php(354): CodeIgniter\CodeIgniter->handleRequest()
 7 SYSTEMPATH\Boot.php(363): CodeIgniter\CodeIgniter->run()
 8 SYSTEMPATH\Boot.php(68): CodeIgniter\Boot::runCodeIgniter()
 9 FCPATH\index.php(59): CodeIgniter\Boot::bootWeb()
10 SYSTEMPATH\rewrite.php(44): require_once('C:\\laragon\\www\\bisajoin\\public\\index.php')
CRITICAL - 2025-09-13 08:34:52 --> CodeIgniter\View\Exceptions\ViewException: Invalid file: "admin/template/create.php"
[Method: GET, Route: admin/templates/create]
in SYSTEMPATH\Exceptions\FrameworkException.php on line 39.
 1 SYSTEMPATH\View\View.php(214): CodeIgniter\Exceptions\FrameworkException::forInvalidFile()
 2 SYSTEMPATH\Common.php(1167): CodeIgniter\View\View->render()
 3 APPPATH\Controllers\Admin\Template.php(38): view()
 4 SYSTEMPATH\CodeIgniter.php(933): App\Controllers\Admin\Template->create()
 5 SYSTEMPATH\CodeIgniter.php(507): CodeIgniter\CodeIgniter->runController()
 6 SYSTEMPATH\CodeIgniter.php(354): CodeIgniter\CodeIgniter->handleRequest()
 7 SYSTEMPATH\Boot.php(363): CodeIgniter\CodeIgniter->run()
 8 SYSTEMPATH\Boot.php(68): CodeIgniter\Boot::runCodeIgniter()
 9 FCPATH\index.php(59): CodeIgniter\Boot::bootWeb()
10 SYSTEMPATH\rewrite.php(44): require_once('C:\\laragon\\www\\bisajoin\\public\\index.php')
CRITICAL - 2025-09-13 08:39:51 --> CodeIgniter\View\Exceptions\ViewException: Invalid file: "admin/payments/index.php"
[Method: GET, Route: admin/payments]
in SYSTEMPATH\Exceptions\FrameworkException.php on line 39.
 1 SYSTEMPATH\View\View.php(214): CodeIgniter\Exceptions\FrameworkException::forInvalidFile()
 2 SYSTEMPATH\Common.php(1167): CodeIgniter\View\View->render()
 3 APPPATH\Controllers\Admin\Payments.php(74): view()
 4 SYSTEMPATH\CodeIgniter.php(933): App\Controllers\Admin\Payments->index()
 5 SYSTEMPATH\CodeIgniter.php(507): CodeIgniter\CodeIgniter->runController()
 6 SYSTEMPATH\CodeIgniter.php(354): CodeIgniter\CodeIgniter->handleRequest()
 7 SYSTEMPATH\Boot.php(363): CodeIgniter\CodeIgniter->run()
 8 SYSTEMPATH\Boot.php(68): CodeIgniter\Boot::runCodeIgniter()
 9 FCPATH\index.php(59): CodeIgniter\Boot::bootWeb()
10 SYSTEMPATH\rewrite.php(44): require_once('C:\\laragon\\www\\bisajoin\\public\\index.php')
CRITICAL - 2025-09-13 08:40:45 --> CodeIgniter\View\Exceptions\ViewException: Invalid file: "admin/notifications/index.php"
[Method: GET, Route: admin/notifications]
in SYSTEMPATH\Exceptions\FrameworkException.php on line 39.
 1 SYSTEMPATH\View\View.php(214): CodeIgniter\Exceptions\FrameworkException::forInvalidFile()
 2 SYSTEMPATH\Common.php(1167): CodeIgniter\View\View->render()
 3 APPPATH\Controllers\Admin\Notifications.php(42): view()
 4 SYSTEMPATH\CodeIgniter.php(933): App\Controllers\Admin\Notifications->index()
 5 SYSTEMPATH\CodeIgniter.php(507): CodeIgniter\CodeIgniter->runController()
 6 SYSTEMPATH\CodeIgniter.php(354): CodeIgniter\CodeIgniter->handleRequest()
 7 SYSTEMPATH\Boot.php(363): CodeIgniter\CodeIgniter->run()
 8 SYSTEMPATH\Boot.php(68): CodeIgniter\Boot::runCodeIgniter()
 9 FCPATH\index.php(59): CodeIgniter\Boot::bootWeb()
10 SYSTEMPATH\rewrite.php(44): require_once('C:\\laragon\\www\\bisajoin\\public\\index.php')
CRITICAL - 2025-09-13 08:50:26 --> CodeIgniter\View\Exceptions\ViewException: Invalid file: "admin/template/preview.php"
[Method: GET, Route: admin/templates/preview/1]
in SYSTEMPATH\Exceptions\FrameworkException.php on line 39.
 1 SYSTEMPATH\View\View.php(214): CodeIgniter\Exceptions\FrameworkException::forInvalidFile()
 2 SYSTEMPATH\Common.php(1167): CodeIgniter\View\View->render()
 3 APPPATH\Controllers\Admin\Template.php(174): view()
 4 SYSTEMPATH\CodeIgniter.php(933): App\Controllers\Admin\Template->preview()
 5 SYSTEMPATH\CodeIgniter.php(507): CodeIgniter\CodeIgniter->runController()
 6 SYSTEMPATH\CodeIgniter.php(354): CodeIgniter\CodeIgniter->handleRequest()
 7 SYSTEMPATH\Boot.php(363): CodeIgniter\CodeIgniter->run()
 8 SYSTEMPATH\Boot.php(68): CodeIgniter\Boot::runCodeIgniter()
 9 FCPATH\index.php(59): CodeIgniter\Boot::bootWeb()
10 SYSTEMPATH\rewrite.php(44): require_once('C:\\laragon\\www\\bisajoin\\public\\index.php')
CRITICAL - 2025-09-13 09:06:42 --> CodeIgniter\View\Exceptions\ViewException: Invalid file: "invitation/wedding_elegant.php"
[Method: GET, Route: admin/templates/preview/1]
in SYSTEMPATH\Exceptions\FrameworkException.php on line 39.
 1 SYSTEMPATH\View\View.php(214): CodeIgniter\Exceptions\FrameworkException::forInvalidFile()
 2 SYSTEMPATH\Common.php(1167): CodeIgniter\View\View->render()
 3 APPPATH\Controllers\Admin\Template.php(199): view()
 4 SYSTEMPATH\CodeIgniter.php(933): App\Controllers\Admin\Template->preview()
 5 SYSTEMPATH\CodeIgniter.php(507): CodeIgniter\CodeIgniter->runController()
 6 SYSTEMPATH\CodeIgniter.php(354): CodeIgniter\CodeIgniter->handleRequest()
 7 SYSTEMPATH\Boot.php(363): CodeIgniter\CodeIgniter->run()
 8 SYSTEMPATH\Boot.php(68): CodeIgniter\Boot::runCodeIgniter()
 9 FCPATH\index.php(59): CodeIgniter\Boot::bootWeb()
10 SYSTEMPATH\rewrite.php(44): require_once('C:\\laragon\\www\\bisajoin\\public\\index.php')
CRITICAL - 2025-09-13 09:06:42 --> CodeIgniter\View\Exceptions\ViewException: Invalid file: "invitation/wedding_elegant.php"
[Method: GET, Route: admin/templates/preview/1]
in SYSTEMPATH\Exceptions\FrameworkException.php on line 39.
 1 SYSTEMPATH\View\View.php(214): CodeIgniter\Exceptions\FrameworkException::forInvalidFile()
 2 SYSTEMPATH\Common.php(1167): CodeIgniter\View\View->render()
 3 APPPATH\Controllers\Admin\Template.php(199): view()
 4 SYSTEMPATH\CodeIgniter.php(933): App\Controllers\Admin\Template->preview()
 5 SYSTEMPATH\CodeIgniter.php(507): CodeIgniter\CodeIgniter->runController()
 6 SYSTEMPATH\CodeIgniter.php(354): CodeIgniter\CodeIgniter->handleRequest()
 7 SYSTEMPATH\Boot.php(363): CodeIgniter\CodeIgniter->run()
 8 SYSTEMPATH\Boot.php(68): CodeIgniter\Boot::runCodeIgniter()
 9 FCPATH\index.php(59): CodeIgniter\Boot::bootWeb()
10 SYSTEMPATH\rewrite.php(44): require_once('C:\\laragon\\www\\bisajoin\\public\\index.php')
CRITICAL - 2025-09-13 09:35:24 --> ErrorException: Undefined array key "template_id"
[Method: GET, Route: wedding-invitation/wedding_3/POEED-556412]
in APPPATH\Controllers\WeddingInvitationController.php on line 36.
 1 APPPATH\Controllers\WeddingInvitationController.php(36): CodeIgniter\Debug\Exceptions->errorHandler()
 2 SYSTEMPATH\CodeIgniter.php(933): App\Controllers\WeddingInvitationController->showJoined()
 3 SYSTEMPATH\CodeIgniter.php(507): CodeIgniter\CodeIgniter->runController()
 4 SYSTEMPATH\CodeIgniter.php(354): CodeIgniter\CodeIgniter->handleRequest()
 5 SYSTEMPATH\Boot.php(363): CodeIgniter\CodeIgniter->run()
 6 SYSTEMPATH\Boot.php(68): CodeIgniter\Boot::runCodeIgniter()
 7 FCPATH\index.php(59): CodeIgniter\Boot::bootWeb()
 8 SYSTEMPATH\rewrite.php(44): require_once('C:\\laragon\\www\\bisajoin\\public\\index.php')
CRITICAL - 2025-09-13 09:35:24 --> ErrorException: Undefined array key "template_id"
[Method: GET, Route: wedding-invitation/wedding_3/POEED-556412]
in APPPATH\Controllers\WeddingInvitationController.php on line 36.
 1 APPPATH\Controllers\WeddingInvitationController.php(36): CodeIgniter\Debug\Exceptions->errorHandler()
 2 SYSTEMPATH\CodeIgniter.php(933): App\Controllers\WeddingInvitationController->showJoined()
 3 SYSTEMPATH\CodeIgniter.php(507): CodeIgniter\CodeIgniter->runController()
 4 SYSTEMPATH\CodeIgniter.php(354): CodeIgniter\CodeIgniter->handleRequest()
 5 SYSTEMPATH\Boot.php(363): CodeIgniter\CodeIgniter->run()
 6 SYSTEMPATH\Boot.php(68): CodeIgniter\Boot::runCodeIgniter()
 7 FCPATH\index.php(59): CodeIgniter\Boot::bootWeb()
 8 SYSTEMPATH\rewrite.php(44): require_once('C:\\laragon\\www\\bisajoin\\public\\index.php')
CRITICAL - 2025-09-13 09:35:28 --> ErrorException: Undefined array key "template_id"
[Method: GET, Route: wedding-invitation/wedding_3/POEED-556412]
in APPPATH\Controllers\WeddingInvitationController.php on line 36.
 1 APPPATH\Controllers\WeddingInvitationController.php(36): CodeIgniter\Debug\Exceptions->errorHandler()
 2 SYSTEMPATH\CodeIgniter.php(933): App\Controllers\WeddingInvitationController->showJoined()
 3 SYSTEMPATH\CodeIgniter.php(507): CodeIgniter\CodeIgniter->runController()
 4 SYSTEMPATH\CodeIgniter.php(354): CodeIgniter\CodeIgniter->handleRequest()
 5 SYSTEMPATH\Boot.php(363): CodeIgniter\CodeIgniter->run()
 6 SYSTEMPATH\Boot.php(68): CodeIgniter\Boot::runCodeIgniter()
 7 FCPATH\index.php(59): CodeIgniter\Boot::bootWeb()
 8 SYSTEMPATH\rewrite.php(44): require_once('C:\\laragon\\www\\bisajoin\\public\\index.php')
CRITICAL - 2025-09-13 09:38:13 --> ErrorException: Undefined array key "contact"
[Method: GET, Route: wedding-invitation/wedding_3/POEED-556412]
in APPPATH\Views\invitation\wedding_template\wedding_3.php on line 105.
 1 APPPATH\Views\invitation\wedding_template\wedding_3.php(105): CodeIgniter\Debug\Exceptions->errorHandler()
 2 SYSTEMPATH\View\View.php(226): include('C:\\laragon\\www\\bisajoin\\app\\Views\\invitation\\wedding_template\\wedding_3.php')
 3 SYSTEMPATH\View\View.php(229): CodeIgniter\View\View->CodeIgniter\View\{closure}()
 4 SYSTEMPATH\Common.php(1167): CodeIgniter\View\View->render()
 5 APPPATH\Controllers\WeddingInvitationController.php(53): view()
 6 SYSTEMPATH\CodeIgniter.php(933): App\Controllers\WeddingInvitationController->showJoined()
 7 SYSTEMPATH\CodeIgniter.php(507): CodeIgniter\CodeIgniter->runController()
 8 SYSTEMPATH\CodeIgniter.php(354): CodeIgniter\CodeIgniter->handleRequest()
 9 SYSTEMPATH\Boot.php(363): CodeIgniter\CodeIgniter->run()
10 SYSTEMPATH\Boot.php(68): CodeIgniter\Boot::runCodeIgniter()
11 FCPATH\index.php(59): CodeIgniter\Boot::bootWeb()
12 SYSTEMPATH\rewrite.php(44): require_once('C:\\laragon\\www\\bisajoin\\public\\index.php')
